h:\projects\github\gameengine\rhangstudioengine\bin\debug\intermediates\vc141.pdb
h:\projects\github\gameengine\rhangstudioengine\bin\debug\intermediates\vc141.idb
h:\projects\github\gameengine\rhangstudioengine\bin\debug\intermediates\ftstroke.obj
h:\projects\github\gameengine\rhangstudioengine\bin\debug\intermediates\ftpfr.obj
h:\projects\github\gameengine\rhangstudioengine\bin\debug\intermediates\ftpatent.obj
h:\projects\github\gameengine\rhangstudioengine\bin\debug\intermediates\ftotval.obj
h:\projects\github\gameengine\rhangstudioengine\bin\debug\intermediates\ftmm.obj
h:\projects\github\gameengine\rhangstudioengine\bin\debug\intermediates\ftlcdfil.obj
h:\projects\github\gameengine\rhangstudioengine\bin\debug\intermediates\ftinit.obj
h:\projects\github\gameengine\rhangstudioengine\bin\debug\intermediates\ftgxval.obj
h:\projects\github\gameengine\rhangstudioengine\bin\debug\intermediates\ftglyph.obj
h:\projects\github\gameengine\rhangstudioengine\bin\debug\intermediates\ftgasp.obj
h:\projects\github\gameengine\rhangstudioengine\bin\debug\intermediates\ftfstype.obj
h:\projects\github\gameengine\rhangstudioengine\bin\debug\intermediates\ftdebug.obj
h:\projects\github\gameengine\rhangstudioengine\bin\debug\intermediates\ftbitmap.obj
h:\projects\github\gameengine\rhangstudioengine\bin\debug\intermediates\ftbbox.obj
h:\projects\github\gameengine\rhangstudioengine\bin\debug\intermediates\ftbase.obj
h:\projects\github\gameengine\rhangstudioengine\bin\debug\intermediates\autofit.obj
h:\projects\github\gameengine\rhangstudioengine\bin\debug\intermediates\vector.obj
h:\projects\github\gameengine\rhangstudioengine\bin\debug\intermediates\texture-font.obj
h:\projects\github\gameengine\rhangstudioengine\bin\debug\intermediates\texture-atlas.obj
h:\projects\github\gameengine\rhangstudioengine\bin\debug\intermediates\platform.obj
h:\projects\github\gameengine\rhangstudioengine\bin\debug\intermediates\truetype.obj
h:\projects\github\gameengine\rhangstudioengine\bin\debug\intermediates\smooth.obj
h:\projects\github\gameengine\rhangstudioengine\bin\debug\intermediates\sfnt.obj
h:\projects\github\gameengine\rhangstudioengine\bin\debug\intermediates\raster.obj
h:\projects\github\gameengine\rhangstudioengine\bin\debug\intermediates\psmodule.obj
h:\projects\github\gameengine\rhangstudioengine\bin\debug\intermediates\pshinter.obj
h:\projects\github\gameengine\rhangstudioengine\bin\debug\intermediates\psaux.obj
h:\projects\github\gameengine\rhangstudioengine\bin\debug\intermediates\pfr.obj
h:\projects\github\gameengine\rhangstudioengine\bin\debug\intermediates\pcf.obj
h:\projects\github\gameengine\rhangstudioengine\bin\debug\intermediates\ftlzw.obj
h:\projects\github\gameengine\rhangstudioengine\bin\debug\intermediates\ftgzip.obj
h:\projects\github\gameengine\rhangstudioengine\bin\debug\intermediates\type1cid.obj
h:\projects\github\gameengine\rhangstudioengine\bin\debug\intermediates\cff.obj
h:\projects\github\gameengine\rhangstudioengine\bin\debug\intermediates\ftcache.obj
h:\projects\github\gameengine\rhangstudioengine\bin\debug\intermediates\bdf.obj
h:\projects\github\gameengine\rhangstudioengine\bin\debug\intermediates\ftxf86.obj
h:\projects\github\gameengine\rhangstudioengine\bin\debug\intermediates\ftwinfnt.obj
h:\projects\github\gameengine\rhangstudioengine\bin\debug\intermediates\fttype1.obj
h:\projects\github\gameengine\rhangstudioengine\bin\debug\intermediates\ftsystem.obj
h:\projects\github\gameengine\rhangstudioengine\bin\debug\intermediates\ftsynth.obj
h:\projects\github\gameengine\rhangstudioengine\bin\debug\intermediates\winfnt.obj
h:\projects\github\gameengine\rhangstudioengine\bin\debug\intermediates\type42.obj
h:\projects\github\gameengine\rhangstudioengine\bin\debug\intermediates\type1.obj
h:\projects\github\gameengine\rhangstudioengine\bin\debug\intermediates\sandbox.obj
h:\projects\github\gameengine\rhangstudioengine\bin\debug\intermediates\vec4.obj
h:\projects\github\gameengine\rhangstudioengine\bin\debug\intermediates\vec3.obj
h:\projects\github\gameengine\rhangstudioengine\bin\debug\intermediates\vec2.obj
h:\projects\github\gameengine\rhangstudioengine\bin\debug\intermediates\mat4.obj
h:\projects\github\gameengine\rhangstudioengine\bin\debug\intermediates\desktop.obj
h:\projects\github\gameengine\rhangstudioengine\bin\debug\intermediates\window.obj
h:\projects\github\gameengine\rhangstudioengine\bin\debug\intermediates\shader.obj
h:\projects\github\gameengine\rhangstudioengine\bin\debug\intermediates\batchrenderer2d.obj
h:\projects\github\gameengine\rhangstudioengine\bin\debug\intermediates\layer.obj
h:\projects\github\gameengine\rhangstudioengine\bin\debug\intermediates\camera.obj
h:\projects\github\gameengine\rhangstudioengine\bin\debug\intermediates\texture.obj
h:\projects\github\gameengine\rhangstudioengine\bin\debug\intermediates\sprite.obj
h:\projects\github\gameengine\rhangstudioengine\bin\debug\intermediates\group.obj
h:\projects\github\gameengine\rhangstudioengine\bin\debug\intermediates\vertexarray.obj
h:\projects\github\gameengine\rhangstudioengine\bin\debug\intermediates\indexbuffer.obj
h:\projects\github\gameengine\rhangstudioengine\bin\debug\intermediates\buffer.obj
h:\projects\github\gameengine\rhangstudioengine\bin\debug\intermediates\font.obj
h:\projects\github\gameengine\rhangstudioengine\bin\debug\intermediates\label.obj
h:\projects\github\gameengine\rhangstudioengine\bin\debug\intermediates\fontmanager.obj
h:\projects\github\gameengine\rhangstudioengine\bin\debug\rhang studio engine.exe
h:\projects\github\gameengine\rhangstudioengine\bin\debug\rhang studio engine.ilk
h:\projects\github\gameengine\rhangstudioengine\bin\debug\rhang studio engine.pdb
h:\projects\github\gameengine\rhangstudioengine\bin\debug\intermediates\rhang st.10cc351f.tlog\cl.command.1.tlog
h:\projects\github\gameengine\rhangstudioengine\bin\debug\intermediates\rhang st.10cc351f.tlog\cl.read.1.tlog
h:\projects\github\gameengine\rhangstudioengine\bin\debug\intermediates\rhang st.10cc351f.tlog\cl.write.1.tlog
h:\projects\github\gameengine\rhangstudioengine\bin\debug\intermediates\rhang st.10cc351f.tlog\link.command.1.tlog
h:\projects\github\gameengine\rhangstudioengine\bin\debug\intermediates\rhang st.10cc351f.tlog\link.read.1.tlog
h:\projects\github\gameengine\rhangstudioengine\bin\debug\intermediates\rhang st.10cc351f.tlog\link.write.1.tlog
